url is fetched
username is passed
password is passed
login button is clicked
Test is Failed
url is fetched
username is passed
password is passed
login button is clicked
Test is Failed
url is fetched
username is passed
password is passed
login button is clicked
Test is Failed
url is fetched
username is passed
password is passed
login button is clicked
Test is Failed
url is fetched
username is passed
password is passed
login button is clicked
Test is Failed
url is fetched
username is passed
password is passed
login button is clicked
url is fetched
username is passed
password is passed
login button is clicked
